TN:
SF:/Users/karthika/Stash/personal/financeDashboard/lib/dataRequests/index.js
FN:9,getSymbols
FN:10,(anonymous_2)
FN:15,(anonymous_3)
FN:18,(anonymous_4)
FN:31,getStock
FN:32,(anonymous_6)
FN:37,(anonymous_7)
FN:40,(anonymous_8)
FNF:8
FNH:8
FNDA:3,getSymbols
FNDA:3,(anonymous_2)
FNDA:2,(anonymous_3)
FNDA:1,(anonymous_4)
FNDA:2,getStock
FNDA:2,(anonymous_6)
FNDA:1,(anonymous_7)
FNDA:1,(anonymous_8)
DA:1,1
DA:10,3
DA:11,3
DA:16,2
DA:19,1
DA:32,2
DA:33,2
DA:38,1
DA:41,1
LF:9
LH:9
BRF:0
BRH:0
end_of_record
TN:
SF:/Users/karthika/Stash/personal/financeDashboard/lib/views/index.js
FN:46,(anonymous_11)
FN:48,(anonymous_12)
FN:54,(anonymous_13)
FN:65,(anonymous_15)
FN:67,(anonymous_16)
FN:75,(anonymous_17)
FNF:6
FNH:6
FNDA:2,(anonymous_11)
FNDA:1,(anonymous_12)
FNDA:1,(anonymous_13)
FNDA:2,(anonymous_15)
FNDA:17090,(anonymous_16)
FNDA:1,(anonymous_17)
DA:3,1
DA:4,1
DA:5,1
DA:6,1
DA:7,1
DA:42,2
DA:43,2
DA:47,2
DA:49,1
DA:55,1
DA:63,3
DA:64,3
DA:66,2
DA:68,17090
DA:76,1
DA:90,3
DA:92,3
DA:98,0
DA:105,13
DA:106,13
DA:109,13
DA:114,13
DA:115,13
DA:118,13
DA:119,13
DA:122,13
DA:123,3
DA:126,13
DA:127,1
DA:130,13
DA:190,1
LF:31
LH:30
BRDA:114,0,0,13
BRDA:118,1,0,13
BRDA:122,2,0,3
BRDA:126,3,0,1
BRF:4
BRH:4
end_of_record
