TN:
SF:/Users/karthika/Stash/personal/financeDashboard/lib/dataRequests/index.js
FN:9,getSymbols
FN:10,(anonymous_2)
FN:15,(anonymous_3)
FN:18,(anonymous_4)
FN:31,getStock
FN:32,(anonymous_6)
FN:37,(anonymous_7)
FN:40,(anonymous_8)
FNF:8
FNH:8
FNDA:3,getSymbols
FNDA:3,(anonymous_2)
FNDA:2,(anonymous_3)
FNDA:1,(anonymous_4)
FNDA:2,getStock
FNDA:2,(anonymous_6)
FNDA:1,(anonymous_7)
FNDA:1,(anonymous_8)
DA:1,1
DA:10,3
DA:11,3
DA:16,2
DA:19,1
DA:32,2
DA:33,2
DA:38,1
DA:41,1
LF:9
LH:9
BRF:0
BRH:0
end_of_record
TN:
SF:/Users/karthika/Stash/personal/financeDashboard/lib/views/index.js
FN:60,(anonymous_11)
FN:62,(anonymous_12)
FN:70,(anonymous_13)
FN:85,(anonymous_15)
FN:94,(anonymous_16)
FN:98,(anonymous_17)
FN:106,(anonymous_18)
FNF:7
FNH:7
FNDA:2,(anonymous_11)
FNDA:1,(anonymous_12)
FNDA:1,(anonymous_13)
FNDA:8545,(anonymous_15)
FNDA:2,(anonymous_16)
FNDA:17090,(anonymous_17)
FNDA:1,(anonymous_18)
DA:3,1
DA:4,1
DA:5,1
DA:6,1
DA:7,1
DA:44,3
DA:45,3
DA:46,3
DA:48,3
DA:49,1
DA:51,1
DA:57,2
DA:61,2
DA:63,1
DA:65,1
DA:71,1
DA:80,4
DA:81,4
DA:82,1
DA:84,1
DA:86,8545
DA:93,3
DA:95,2
DA:97,2
DA:99,17090
DA:107,1
DA:122,3
DA:124,3
DA:130,0
DA:137,16
DA:138,16
DA:141,16
DA:146,16
DA:147,16
DA:150,16
DA:151,16
DA:154,16
DA:155,3
DA:158,16
DA:159,1
DA:162,16
DA:224,1
LF:42
LH:41
BRDA:48,0,0,1
BRDA:48,0,1,2
BRDA:81,1,0,1
BRDA:81,1,1,3
BRDA:146,2,0,16
BRDA:150,3,0,16
BRDA:154,4,0,3
BRDA:158,5,0,1
BRF:8
BRH:8
end_of_record
